0 info it worked if it ends with ok
1 verbose cli [ '/Volumes/Data/Users/roxberry/.nvm/v0.10.1/bin/node',
1 verbose cli   '/Volumes/Data/Users/roxberry/.nvm/v0.10.1/bin/npm',
1 verbose cli   'install',
1 verbose cli   'node-jasmine',
1 verbose cli   '-g' ]
2 info using npm@1.2.15
3 info using node@v0.10.1
4 verbose read json /Volumes/Data/Users/roxberry/.nvm/v0.10.1/lib/package.json
5 verbose read json /Volumes/Data/Users/roxberry/.nvm/v0.10.1/lib/package.json
6 verbose cache add [ 'node-jasmine', null ]
7 verbose cache add name=undefined spec="node-jasmine" args=["node-jasmine",null]
8 verbose parsed url { protocol: null,
8 verbose parsed url   slashes: null,
8 verbose parsed url   auth: null,
8 verbose parsed url   host: null,
8 verbose parsed url   port: null,
8 verbose parsed url   hostname: null,
8 verbose parsed url   hash: null,
8 verbose parsed url   search: null,
8 verbose parsed url   query: null,
8 verbose parsed url   pathname: 'node-jasmine',
8 verbose parsed url   path: 'node-jasmine',
8 verbose parsed url   href: 'node-jasmine' }
9 silly lockFile 060268dc-node-jasmine node-jasmine
10 verbose lock node-jasmine /Volumes/Data/Users/roxberry/.npm/060268dc-node-jasmine.lock
11 silly lockFile 060268dc-node-jasmine node-jasmine
12 silly lockFile 060268dc-node-jasmine node-jasmine
13 verbose addNamed [ 'node-jasmine', '' ]
14 verbose addNamed [ null, '' ]
15 silly lockFile 26061cdb-node-jasmine node-jasmine@
16 verbose lock node-jasmine@ /Volumes/Data/Users/roxberry/.npm/26061cdb-node-jasmine.lock
17 silly addNameRange { name: 'node-jasmine', range: '', hasData: false }
18 verbose url raw node-jasmine
19 verbose url resolving [ 'https://registry.npmjs.org/', './node-jasmine' ]
20 verbose url resolved https://registry.npmjs.org/node-jasmine
21 info trying registry request attempt 1 at 15:49:58
22 http GET https://registry.npmjs.org/node-jasmine
23 http 404 https://registry.npmjs.org/node-jasmine
24 silly registry.get cb [ 404,
24 silly registry.get   { server: 'CouchDB/1.2.1 (Erlang OTP/R15B03)',
24 silly registry.get     date: 'Tue, 02 Apr 2013 19:49:59 GMT',
24 silly registry.get     'content-type': 'application/json',
24 silly registry.get     'content-length': '52',
24 silly registry.get     'cache-control': 'must-revalidate' } ]
25 silly lockFile 26061cdb-node-jasmine node-jasmine@
26 silly lockFile 26061cdb-node-jasmine node-jasmine@
27 error 404 'node-jasmine' is not in the npm registry.
27 error 404 You should bug the author to publish it
27 error 404
27 error 404 Maybe try 'npm search jasmine'
27 error 404
27 error 404 Note that you can also install from a
27 error 404 tarball, folder, or http url, or git url.
28 error System Darwin 12.3.0
29 error command "/Volumes/Data/Users/roxberry/.nvm/v0.10.1/bin/node" "/Volumes/Data/Users/roxberry/.nvm/v0.10.1/bin/npm" "install" "node-jasmine" "-g"
30 error cwd /Volumes/Data/Users/roxberry/Workspaces/WebstormProjects/madmin
31 error node -v v0.10.1
32 error npm -v 1.2.15
33 error code E404
34 verbose exit [ 1, true ]
